# JRE version: Java(TM) SE Runtime Environment (8.0_92-b14) (build 1.8.0_92-b14)
# Java VM: Java HotSpot(TM) 64-Bit Server VM (25.92-b14 mixed mode windows-amd64 compressed oops)
Heap:
 PSYoungGen      total 461312K, used 330525K [0x00000000e0000000, 0x00000000ffc80000, 0x0000000100000000)
  eden space 455168K, 72% used [0x00000000e0000000,0x00000000f42c74b8,0x00000000fbc80000)
  from space 6144K, 0% used [0x00000000fbc80000,0x00000000fbc80000,0x00000000fc280000)
  to   space 32768K, 0% used [0x00000000fdc80000,0x00000000fdc80000,0x00000000ffc80000)
 ParOldGen       total 122368K, used 41891K [0x00000000a0000000, 0x00000000a7780000, 0x00000000e0000000)
  object space 122368K, 34% used [0x00000000a0000000,0x00000000a28e8ff8,0x00000000a7780000)
 Metaspace       used 68909K, capacity 71790K, committed 72024K, reserved 1112064K
  class space    used 8837K, capacity 9275K, committed 9304K, reserved 1048576K
GC Heap History (10 events):
Event: 138.191 GC heap before
{Heap before GC invocations=21 (full 4):
 PSYoungGen      total 488960K, used 454656K [0x00000000e0000000, 0x0000000100000000, 0x0000000100000000)
  eden space 454656K, 100% used [0x00000000e0000000,0x00000000fbc00000,0x00000000fbc00000)
  from space 34304K, 0% used [0x00000000fde80000,0x00000000fde80000,0x0000000100000000)
  to   space 34816K, 0% used [0x00000000fbc00000,0x00000000fbc00000,0x00000000fde00000)
 ParOldGen       total 122368K, used 36816K [0x00000000a0000000, 0x00000000a7780000, 0x00000000e0000000)
  object space 122368K, 30% used [0x00000000a0000000,0x00000000a23f41d8,0x00000000a7780000)
 Metaspace       used 66802K, capacity 68934K, committed 69208K, reserved 1110016K
  class space    used 8634K, capacity 9003K, committed 9048K, reserved 1048576K
Event: 138.205 GC heap after
Heap after GC invocations=21 (full 4):
 PSYoungGen      total 461312K, used 6232K [0x00000000e0000000, 0x00000000ffe80000, 0x0000000100000000)
  eden space 454656K, 0% used [0x00000000e0000000,0x00000000e0000000,0x00000000fbc00000)
  from space 6656K, 93% used [0x00000000fbc00000,0x00000000fc216340,0x00000000fc280000)
  to   space 33792K, 0% used [0x00000000fdd80000,0x00000000fdd80000,0x00000000ffe80000)
 ParOldGen       total 122368K, used 36824K [0x00000000a0000000, 0x00000000a7780000, 0x00000000e0000000)
  object space 122368K, 30% used [0x00000000a0000000,0x00000000a23f61d8,0x00000000a7780000)
 Metaspace       used 66802K, capacity 68934K, committed 69208K, reserved 1110016K
  class space    used 8634K, capacity 9003K, committed 9048K, reserved 1048576K
}
Event: 139.731 GC heap before
{Heap before GC invocations=22 (full 4):
 PSYoungGen      total 461312K, used 148997K [0x00000000e0000000, 0x00000000ffe80000, 0x0000000100000000)
  eden space 454656K, 31% used [0x00000000e0000000,0x00000000e8b6b4b8,0x00000000fbc00000)
  from space 6656K, 93% used [0x00000000fbc00000,0x00000000fc216340,0x00000000fc280000)
  to   space 33792K, 0% used [0x00000000fdd80000,0x00000000fdd80000,0x00000000ffe80000)
 ParOldGen       total 122368K, used 36824K [0x00000000a0000000, 0x00000000a7780000, 0x00000000e0000000)
  object space 122368K, 30% used [0x00000000a0000000,0x00000000a23f61d8,0x00000000a7780000)
 Metaspace       used 67371K, capacity 69602K, committed 69848K, reserved 1110016K
  class space    used 8683K, capacity 9069K, committed 9176K, reserved 1048576K
Event: 139.736 GC heap after
Heap after GC invocations=22 (full 4):
 PSYoungGen      total 488960K, used 1087K [0x00000000e0000000, 0x00000000ffe80000, 0x0000000100000000)
  eden space 455168K, 0% used [0x00000000e0000000,0x00000000e0000000,0x00000000fbc80000)
  from space 33792K, 3% used [0x00000000fdd80000,0x00000000fde8ff90,0x00000000ffe80000)
  to   space 33792K, 0% used [0x00000000fbc80000,0x00000000fbc80000,0x00000000fdd80000)
 ParOldGen       total 122368K, used 38076K [0x00000000a0000000, 0x00000000a7780000, 0x00000000e0000000)
  object space 122368K, 31% used [0x00000000a0000000,0x00000000a252f288,0x00000000a7780000)
 Metaspace       used 67371K, capacity 69602K, committed 69848K, reserved 1110016K
  class space    used 8683K, capacity 9069K, committed 9176K, reserved 1048576K
}
Event: 139.736 GC heap before
{Heap before GC invocations=23 (full 5):
 PSYoungGen      total 488960K, used 1087K [0x00000000e0000000, 0x00000000ffe80000, 0x0000000100000000)
  eden space 455168K, 0% used [0x00000000e0000000,0x00000000e0000000,0x00000000fbc80000)
  from space 33792K, 3% used [0x00000000fdd80000,0x00000000fde8ff90,0x00000000ffe80000)
  to   space 33792K, 0% used [0x00000000fbc80000,0x00000000fbc80000,0x00000000fdd80000)
 ParOldGen       total 122368K, used 38076K [0x00000000a0000000, 0x00000000a7780000, 0x00000000e0000000)
  object space 122368K, 31% used [0x00000000a0000000,0x00000000a252f288,0x00000000a7780000)
 Metaspace       used 67371K, capacity 69602K, committed 69848K, reserved 1110016K
  class space    used 8683K, capacity 9069K, committed 9176K, reserved 1048576K
Event: 140.097 GC heap after
Heap after GC invocations=23 (full 5):
 PSYoungGen      total 488960K, used 0K [0x00000000e0000000, 0x00000000ffe80000, 0x0000000100000000)
  eden space 455168K, 0% used [0x00000000e0000000,0x00000000e0000000,0x00000000fbc80000)
  from space 33792K, 0% used [0x00000000fdd80000,0x00000000fdd80000,0x00000000ffe80000)
  to   space 33792K, 0% used [0x00000000fbc80000,0x00000000fbc80000,0x00000000fdd80000)
 ParOldGen       total 122368K, used 37464K [0x00000000a0000000, 0x00000000a7780000, 0x00000000e0000000)
  object space 122368K, 30% used [0x00000000a0000000,0x00000000a2496280,0x00000000a7780000)
 Metaspace       used 67371K, capacity 69602K, committed 69848K, reserved 1110016K
  class space    used 8683K, capacity 9069K, committed 9176K, reserved 1048576K
}
Event: 272.018 GC heap before
{Heap before GC invocations=24 (full 5):
 PSYoungGen      total 488960K, used 347602K [0x00000000e0000000, 0x00000000ffe80000, 0x0000000100000000)
  eden space 455168K, 76% used [0x00000000e0000000,0x00000000f53748b8,0x00000000fbc80000)
  from space 33792K, 0% used [0x00000000fdd80000,0x00000000fdd80000,0x00000000ffe80000)
  to   space 33792K, 0% used [0x00000000fbc80000,0x00000000fbc80000,0x00000000fdd80000)
 ParOldGen       total 122368K, used 37464K [0x00000000a0000000, 0x00000000a7780000, 0x00000000e0000000)
  object space 122368K, 30% used [0x00000000a0000000,0x00000000a2496280,0x00000000a7780000)
 Metaspace       used 68202K, capacity 70792K, committed 70872K, reserved 1112064K
  class space    used 8758K, capacity 9166K, committed 9176K, reserved 1048576K
Event: 272.025 GC heap after
Heap after GC invocations=24 (full 5):
 PSYoungGen      total 461312K, used 5689K [0x00000000e0000000, 0x00000000ffc80000, 0x0000000100000000)
  eden space 455168K, 0% used [0x00000000e0000000,0x00000000e0000000,0x00000000fbc80000)
  from space 6144K, 92% used [0x00000000fbc80000,0x00000000fc20e588,0x00000000fc280000)
  to   space 32768K, 0% used [0x00000000fdc80000,0x00000000fdc80000,0x00000000ffc80000)
 ParOldGen       total 122368K, used 37472K [0x00000000a0000000, 0x00000000a7780000, 0x00000000e0000000)
  object space 122368K, 30% used [0x00000000a0000000,0x00000000a2498280,0x00000000a7780000)
 Metaspace       used 68202K, capacity 70792K, committed 70872K, reserved 1112064K
  class space    used 8758K, capacity 9166K, committed 9176K, reserved 1048576K
}
Event: 272.025 GC heap before
{Heap before GC invocations=25 (full 6):
 PSYoungGen      total 461312K, used 5689K [0x00000000e0000000, 0x00000000ffc80000, 0x0000000100000000)
  eden space 455168K, 0% used [0x00000000e0000000,0x00000000e0000000,0x00000000fbc80000)
  from space 6144K, 92% used [0x00000000fbc80000,0x00000000fc20e588,0x00000000fc280000)
  to   space 32768K, 0% used [0x00000000fdc80000,0x00000000fdc80000,0x00000000ffc80000)
 ParOldGen       total 122368K, used 37472K [0x00000000a0000000, 0x00000000a7780000, 0x00000000e0000000)
  object space 122368K, 30% used [0x00000000a0000000,0x00000000a2498280,0x00000000a7780000)
 Metaspace       used 68202K, capacity 70792K, committed 70872K, reserved 1112064K
  class space    used 8758K, capacity 9166K, committed 9176K, reserved 1048576K
Event: 272.300 GC heap after
Heap after GC invocations=25 (full 6):
 PSYoungGen      total 461312K, used 0K [0x00000000e0000000, 0x00000000ffc80000, 0x0000000100000000)
  eden space 455168K, 0% used [0x00000000e0000000,0x00000000e0000000,0x00000000fbc80000)
  from space 6144K, 0% used [0x00000000fbc80000,0x00000000fbc80000,0x00000000fc280000)
  to   space 32768K, 0% used [0x00000000fdc80000,0x00000000fdc80000,0x00000000ffc80000)
 ParOldGen       total 122368K, used 41891K [0x00000000a0000000, 0x00000000a7780000, 0x00000000e0000000)
  object space 122368K, 34% used [0x00000000a0000000,0x00000000a28e8ff8,0x00000000a7780000)
 Metaspace       used 68202K, capacity 70792K, committed 70872K, reserved 1112064K
  class space    used 8758K, capacity 9166K, committed 9176K, reserved 1048576K
}

